[2025-05-17 10:27:22][INFO] Fetching all records from AlbumDB
[2025-05-17 10:27:34][INFO] Fetching all records from AlbumDB
[2025-05-17 10:27:47][INFO] Fetching all records from AlbumDB
[2025-05-17 11:07:13][INFO] Fetching all records from AlbumDB
[2025-05-17 11:07:32][INFO] Fetching all records from AlbumDB
[2025-05-18 11:54:34][INFO] Fetching all records from AlbumDB
[2025-05-18 11:54:57][INFO] Fetching all records from AlbumDB
[2025-05-18 12:01:43][INFO] Fetching all records from AlbumDB
[2025-05-18 12:02:55][INFO] Fetching all records from AlbumDB
[2025-05-18 12:03:25][INFO] Fetching all records from AlbumDB
[2025-05-18 12:03:45][INFO] Fetching all records from AlbumDB
[2025-05-18 12:03:53][INFO] Fetching all records from AlbumDB
[2025-05-19 10:35:44][INFO] Fetching all records from AlbumDB
[2025-05-19 10:36:15][INFO] Fetching all records from AlbumDB
[2025-05-19 10:36:19][INFO] Fetching all records from AlbumDB
[2025-05-19 10:41:47][INFO] Fetching all records from AlbumDB
[2025-05-19 10:51:27][INFO] Fetching all records from AlbumDB
[2025-05-19 10:53:48][INFO] Fetching all records from AlbumDB
[2025-05-19 10:55:29][INFO] Fetching all records from AlbumDB
[2025-05-19 11:18:17][INFO] Fetching all records from ArtistDB
[2025-05-19 11:18:34][INFO] Fetching all records from ArtistDB
[2025-05-19 11:26:13][INFO] Fetching all records from ArtistDB
[2025-05-19 12:29:08][INFO] Fetching all records from AlbumDB
[2025-05-20 08:07:45][INFO] Fetching all records from ArtistDB
[2025-05-20 08:09:14][INFO] Fetching all records from ArtistDB
[2025-05-20 08:10:46][INFO] Fetching all records from ArtistDB
[2025-05-20 08:10:50][INFO] Fetching all records from ArtistDB
[2025-05-20 08:10:55][INFO] Fetching all records from ArtistDB
[2025-05-20 08:11:02][INFO] Fetching all records from ArtistDB
[2025-05-20 08:11:05][INFO] Fetching all records from ArtistDB
[2025-05-20 08:11:12][INFO] Fetching all records from ArtistDB
[2025-05-20 08:13:37][INFO] Fetching all records from AlbumDB
[2025-05-20 08:13:52][INFO] Fetching all records from AlbumDB
[2025-05-20 08:14:00][INFO] Fetching all records from AlbumDB
[2025-05-20 08:14:24][INFO] Fetching all records from AlbumDB
[2025-05-20 08:22:53][INFO] Fetching all records from AlbumDB
[2025-05-20 09:09:59][INFO] Fetching all records from TrackDB
[2025-05-20 09:10:12][INFO] Fetching all records from TrackDB
[2025-05-20 09:10:17][INFO] Fetching all records from TrackDB
[2025-05-20 09:12:57][INFO] Fetching all records from AlbumDB
[2025-05-20 09:13:20][INFO] Fetching all records from TrackDB
[2025-05-20 09:14:21][INFO] Fetching all records from TrackDB
[2025-05-20 09:19:03][INFO] Fetching all records from MediaTypeDB
[2025-05-20 09:20:41][INFO] Fetching all records from GenreDB
[2025-05-20 09:24:39][INFO] Fetching all records from PlaylistDB
[2025-05-20 09:24:49][INFO] Fetching all records from PlaylistDB
[2025-05-20 09:24:53][INFO] Fetching all records from PlaylistDB
[2025-05-20 09:25:22][INFO] Fetching all records from PlaylistDB
[2025-05-20 09:25:48][INFO] Fetching all records from PlaylistDB
[2025-05-20 09:25:55][INFO] Fetching all records from PlaylistDB
[2025-05-20 09:36:53][INFO] Fetching all records from PlaylistDB
[2025-05-20 09:37:04][INFO] Fetching all records from PlaylistDB
[2025-05-20 09:37:45][INFO] Fetching all records from PlaylistDB
[2025-05-20 09:54:33][INFO] Fetching all records from TrackDB
[2025-05-20 09:54:47][INFO] Fetching all records from TrackDB
[2025-05-20 10:00:20][INFO] Fetching all records from TrackDB
[2025-05-20 10:00:41][INFO] Fetching all records from TrackDB
[2025-05-20 10:00:53][INFO] Fetching all records from TrackDB
[2025-05-20 10:01:16][INFO] Fetching all records from TrackDB
[2025-05-20 10:02:15][INFO] Fetching all records from TrackDB
[2025-05-20 10:02:27][INFO] Fetching all records from TrackDB
[2025-05-20 10:02:43][INFO] Fetching all records from TrackDB
[2025-05-20 10:02:58][INFO] Fetching all records from TrackDB
[2025-05-20 10:04:44][INFO] Fetching all records from AlbumDB
[2025-05-20 10:06:53][INFO] Fetching all records from TrackDB
[2025-05-20 13:49:54][INFO] Fetching all records from ArtistDB
[2025-05-20 13:51:11][INFO] Fetching all records from AlbumDB
[2025-05-31 15:11:19][ERROR] SQLSTATE[HY000] [2002] No connection could be made because the target machine actively refused it
[2025-05-31 15:28:07][INFO] Fetching all records from ArtistDB
[2025-05-31 16:07:33][ERROR] SQLSTATE[42S02]: Base table or view not found: 1146 Table 'exondia_com_db_php.users' doesn't exist